This is XeTeX, Version 3.141592653-2.6-0.999996 (TeX Live 2024) (preloaded format=xelatex 2025.2.24)  19 MAY 2025 15:04
entering extended mode
 restricted \write18 enabled.
 %&-line parsing enabled.
**index.tex
(./index.tex
LaTeX2e <2023-11-01> patch level 1
L3 programming layer <2024-02-20>
(/usr/local/texlive/2024/texmf-dist/tex/latex/koma-script/scrreprt.cls
Document Class: scrreprt 2023/07/07 v3.41 KOMA-Script document class (report)
(/usr/local/texlive/2024/texmf-dist/tex/latex/koma-script/scrkbase.sty
Package: scrkbase 2023/07/07 v3.41 KOMA-Script package (KOMA-Script-dependent b
asics and keyval usage)
(/usr/local/texlive/2024/texmf-dist/tex/latex/koma-script/scrbase.sty
Package: scrbase 2023/07/07 v3.41 KOMA-Script package (KOMA-Script-independent 
basics and keyval usage)
(/usr/local/texlive/2024/texmf-dist/tex/latex/koma-script/scrlfile.sty
Package: scrlfile 2023/07/07 v3.41 KOMA-Script package (file load hooks)
(/usr/local/texlive/2024/texmf-dist/tex/latex/koma-script/scrlfile-hook.sty
Package: scrlfile-hook 2023/07/07 v3.41 KOMA-Script package (using LaTeX hooks)

(/usr/local/texlive/2024/texmf-dist/tex/latex/koma-script/scrlogo.sty
Package: scrlogo 2023/07/07 v3.41 KOMA-Script package (logo)
))) (/usr/local/texlive/2024/texmf-dist/tex/latex/graphics/keyval.sty
Package: keyval 2022/05/29 v1.15 key=value parser (DPC)
\KV@toks@=\toks17
)
Applying: [2021/05/01] Usage of raw or classic option list on input line 252.
Already applied: [0000/00/00] Usage of raw or classic option list on input line
 368.
)) (/usr/local/texlive/2024/texmf-dist/tex/latex/koma-script/tocbasic.sty
Package: tocbasic 2023/07/07 v3.41 KOMA-Script package (handling toc-files)
\scr@dte@tocline@numberwidth=\skip48
\scr@dte@tocline@numbox=\box51
)
Package tocbasic Info: omitting babel extension for `toc'
(tocbasic)             because of feature `nobabel' available
(tocbasic)             for `toc' on input line 135.
Class scrreprt Info: File `scrsize11pt.clo' used instead of
(scrreprt)           file `scrsize11.clo' to setup font sizes on input line 268
8.
(/usr/local/texlive/2024/texmf-dist/tex/latex/koma-script/scrsize11pt.clo
File: scrsize11pt.clo 2023/07/07 v3.41 KOMA-Script font size class option (11pt
)
) (/usr/local/texlive/2024/texmf-dist/tex/latex/koma-script/typearea.sty
Package: typearea 2023/07/07 v3.41 KOMA-Script package (type area)
\ta@bcor=\skip49
\ta@div=\count184
Package typearea Info: You've used standard option `letterpaper'.
(typearea)             This is correct!
(typearea)             Internally I'm using `paper=letter'.
(typearea)             If you'd like to set the option with \KOMAoptions,
(typearea)             you'd have to use `paper=letter' there
(typearea)             instead of `letterpaper', too.
\ta@hblk=\skip50
\ta@vblk=\skip51
\ta@temp=\skip52
\footheight=\skip53
Package typearea Info: These are the values describing the layout:
(typearea)             DIV  = 11
(typearea)             BCOR = 0.0pt
(typearea)             \paperwidth      = 614.295pt
(typearea)              \textwidth      = 446.76004pt
(typearea)              DIV departure   = -14%
(typearea)              \evensidemargin = 11.49748pt
(typearea)              \oddsidemargin  = 11.49748pt
(typearea)             \paperheight     = 794.96999pt
(typearea)              \textheight     = 582.20026pt
(typearea)              \topmargin      = -37.40001pt
(typearea)              \headheight     = 17.0pt
(typearea)              \headsep        = 20.40001pt
(typearea)              \topskip        = 11.0pt
(typearea)              \footskip       = 47.6pt
(typearea)              \baselineskip   = 13.6pt
(typearea)              on input line 1799.
)
\c@part=\count185
\c@chapter=\count186
\c@section=\count187
\c@subsection=\count188
\c@subsubsection=\count189
\c@paragraph=\count190
\c@subparagraph=\count191
\scr@dte@chapter@maxnumwidth=\skip54
Class scrreprt Info: using compatibility default `afterindent=bysign'
(scrreprt)           for `\chapter on input line 5994.
\scr@dte@section@maxnumwidth=\skip55
Class scrreprt Info: using compatibility default `runin=bysign'
(scrreprt)           for `\section on input line 6005.
Class scrreprt Info: using compatibility default `afterindent=bysign'
(scrreprt)           for `\section on input line 6005.
\scr@dte@part@maxnumwidth=\skip56
Class scrreprt Info: using compatibility default `afterindent=true'
(scrreprt)           for `\part on input line 6014.
\scr@dte@subsection@maxnumwidth=\skip57
Class scrreprt Info: using compatibility default `runin=bysign'
(scrreprt)           for `\subsection on input line 6024.
Class scrreprt Info: using compatibility default `afterindent=bysign'
(scrreprt)           for `\subsection on input line 6024.
\scr@dte@subsubsection@maxnumwidth=\skip58
Class scrreprt Info: using compatibility default `runin=bysign'
(scrreprt)           for `\subsubsection on input line 6034.
Class scrreprt Info: using compatibility default `afterindent=bysign'
(scrreprt)           for `\subsubsection on input line 6034.
\scr@dte@paragraph@maxnumwidth=\skip59
Class scrreprt Info: using compatibility default `runin=bysign'
(scrreprt)           for `\paragraph on input line 6045.
Class scrreprt Info: using compatibility default `afterindent=bysign'
(scrreprt)           for `\paragraph on input line 6045.
\scr@dte@subparagraph@maxnumwidth=\skip60
Class scrreprt Info: using compatibility default `runin=bysign'
(scrreprt)           for `\subparagraph on input line 6055.
Class scrreprt Info: using compatibility default `afterindent=bysign'
(scrreprt)           for `\subparagraph on input line 6055.
\abovecaptionskip=\skip61
\belowcaptionskip=\skip62
\c@pti@nb@sid@b@x=\box52
Package tocbasic Info: omitting babel extension for `lof'
(tocbasic)             because of feature `nobabel' available
(tocbasic)             for `lof' on input line 7240.
\scr@dte@figure@maxnumwidth=\skip63
\c@figure=\count192
Package tocbasic Info: omitting babel extension for `lot'
(tocbasic)             because of feature `nobabel' available
(tocbasic)             for `lot' on input line 7257.
\scr@dte@table@maxnumwidth=\skip64
\c@table=\count193
Class scrreprt Info: Redefining `\numberline' on input line 7428.
\bibindent=\dimen140
) (/usr/local/texlive/2024/texmf-dist/tex/latex/amsmath/amsmath.sty
Package: amsmath 2023/05/13 v2.17o AMS math features
\@mathmargin=\skip65
For additional information on amsmath, use the `?' option.
(/usr/local/texlive/2024/texmf-dist/tex/latex/amsmath/amstext.sty
Package: amstext 2021/08/26 v2.01 AMS text
(/usr/local/texlive/2024/texmf-dist/tex/latex/amsmath/amsgen.sty
File: amsgen.sty 1999/11/30 v2.0 generic functions
\@emptytoks=\toks18
\ex@=\dimen141
)) (/usr/local/texlive/2024/texmf-dist/tex/latex/amsmath/amsbsy.sty
Package: amsbsy 1999/11/29 v1.2d Bold Symbols
\pmbraise@=\dimen142
) (/usr/local/texlive/2024/texmf-dist/tex/latex/amsmath/amsopn.sty
Package: amsopn 2022/04/08 v2.04 operator names
)
\inf@bad=\count194
LaTeX Info: Redefining \frac on input line 234.
\uproot@=\count195
\leftroot@=\count196
LaTeX Info: Redefining \overline on input line 399.
LaTeX Info: Redefining \colon on input line 410.
\classnum@=\count197
\DOTSCASE@=\count198
LaTeX Info: Redefining \ldots on input line 496.
LaTeX Info: Redefining \dots on input line 499.
LaTeX Info: Redefining \cdots on input line 620.
\Mathstrutbox@=\box53
\strutbox@=\box54
LaTeX Info: Redefining \big on input line 722.
LaTeX Info: Redefining \Big on input line 723.
LaTeX Info: Redefining \bigg on input line 724.
LaTeX Info: Redefining \Bigg on input line 725.
\big@size=\dimen143
LaTeX Font Info:    Redeclaring font encoding OML on input line 743.
LaTeX Font Info:    Redeclaring font encoding OMS on input line 744.
\macc@depth=\count199
LaTeX Info: Redefining \bmod on input line 905.
LaTeX Info: Redefining \pmod on input line 910.
LaTeX Info: Redefining \smash on input line 940.
LaTeX Info: Redefining \relbar on input line 970.
LaTeX Info: Redefining \Relbar on input line 971.
\c@MaxMatrixCols=\count266
\dotsspace@=\muskip16
\c@parentequation=\count267
\dspbrk@lvl=\count268
\tag@help=\toks19
\row@=\count269
\column@=\count270
\maxfields@=\count271
\andhelp@=\toks20
\eqnshift@=\dimen144
\alignsep@=\dimen145
\tagshift@=\dimen146
\tagwidth@=\dimen147
\totwidth@=\dimen148
\lineht@=\dimen149
\@envbody=\toks21
\multlinegap=\skip66
\multlinetaggap=\skip67
\mathdisplay@stack=\toks22
LaTeX Info: Redefining \[ on input line 2953.
LaTeX Info: Redefining \] on input line 2954.
) (/usr/local/texlive/2024/texmf-dist/tex/latex/amsfonts/amssymb.sty
Package: amssymb 2013/01/14 v3.01 AMS font symbols
(/usr/local/texlive/2024/texmf-dist/tex/latex/amsfonts/amsfonts.sty
Package: amsfonts 2013/01/14 v3.01 Basic AMSFonts support
\symAMSa=\mathgroup4
\symAMSb=\mathgroup5
LaTeX Font Info:    Redeclaring math symbol \hbar on input line 98.
LaTeX Font Info:    Overwriting math alphabet `\mathfrak' in version `bold'
(Font)                  U/euf/m/n --> U/euf/b/n on input line 106.
)) (/usr/local/texlive/2024/texmf-dist/tex/generic/iftex/iftex.sty
Package: iftex 2022/02/03 v1.0f TeX engine tests
) (/usr/local/texlive/2024/texmf-dist/tex/latex/unicode-math/unicode-math.sty (
/usr/local/texlive/2024/texmf-dist/tex/latex/l3kernel/expl3.sty
Package: expl3 2024-02-20 L3 programming layer (loader) 
(/usr/local/texlive/2024/texmf-dist/tex/latex/l3backend/l3backend-xetex.def
File: l3backend-xetex.def 2024-02-20 L3 backend support: XeTeX
\g__graphics_track_int=\count272
\l__pdf_internal_box=\box55
\g__pdf_backend_object_int=\count273
\g__pdf_backend_annotation_int=\count274
\g__pdf_backend_link_int=\count275
))
Package: unicode-math 2023/08/13 v0.8r Unicode maths in XeLaTeX and LuaLaTeX

(/usr/local/texlive/2024/texmf-dist/tex/latex/unicode-math/unicode-math-xetex.s
ty
Package: unicode-math-xetex 2023/08/13 v0.8r Unicode maths in XeLaTeX and LuaLa
TeX
(/usr/local/texlive/2024/texmf-dist/tex/latex/l3packages/xparse/xparse.sty
Package: xparse 2024-02-18 L3 Experimental document command parser
) (/usr/local/texlive/2024/texmf-dist/tex/latex/l3packages/l3keys2e/l3keys2e.st
y
Package: l3keys2e 2024-02-18 LaTeX2e option processing using LaTeX3 keys
) (/usr/local/texlive/2024/texmf-dist/tex/latex/fontspec/fontspec.sty
Package: fontspec 2024/02/13 v2.9a Font selection for XeLaTeX and LuaLaTeX
(/usr/local/texlive/2024/texmf-dist/tex/latex/fontspec/fontspec-xetex.sty
Package: fontspec-xetex 2024/02/13 v2.9a Font selection for XeLaTeX and LuaLaTe
X
\l__fontspec_script_int=\count276
\l__fontspec_language_int=\count277
\l__fontspec_strnum_int=\count278
\l__fontspec_tmp_int=\count279
\l__fontspec_tmpa_int=\count280
\l__fontspec_tmpb_int=\count281
\l__fontspec_tmpc_int=\count282
\l__fontspec_em_int=\count283
\l__fontspec_emdef_int=\count284
\l__fontspec_strong_int=\count285
\l__fontspec_strongdef_int=\count286
\l__fontspec_tmpa_dim=\dimen150
\l__fontspec_tmpb_dim=\dimen151
\l__fontspec_tmpc_dim=\dimen152
(/usr/local/texlive/2024/texmf-dist/tex/latex/base/fontenc.sty
Package: fontenc 2021/04/29 v2.0v Standard LaTeX package
) (/usr/local/texlive/2024/texmf-dist/tex/latex/fontspec/fontspec.cfg))) (/usr/
local/texlive/2024/texmf-dist/tex/latex/base/fix-cm.sty
Package: fix-cm 2020/11/24 v1.1t fixes to LaTeX
(/usr/local/texlive/2024/texmf-dist/tex/latex/base/ts1enc.def
File: ts1enc.def 2001/06/05 v3.0e (jk/car/fm) Standard LaTeX file
LaTeX Font Info:    Redeclaring font encoding TS1 on input line 47.
))
\g__um_fam_int=\count287
\g__um_fonts_used_int=\count288
\l__um_primecount_int=\count289
\g__um_primekern_muskip=\muskip17

(/usr/local/texlive/2024/texmf-dist/tex/latex/unicode-math/unicode-math-table.t
ex))) (/usr/local/texlive/2024/texmf-dist/tex/latex/lm/lmodern.sty
Package: lmodern 2015/05/01 v1.6.1 Latin Modern Fonts
LaTeX Font Info:    Overwriting symbol font `operators' in version `normal'
(Font)                  OT1/cmr/m/n --> OT1/lmr/m/n on input line 22.
LaTeX Font Info:    Overwriting symbol font `letters' in version `normal'
(Font)                  OML/cmm/m/it --> OML/lmm/m/it on input line 23.
LaTeX Font Info:    Overwriting symbol font `symbols' in version `normal'
(Font)                  OMS/cmsy/m/n --> OMS/lmsy/m/n on input line 24.
LaTeX Font Info:    Overwriting symbol font `largesymbols' in version `normal'
(Font)                  OMX/cmex/m/n --> OMX/lmex/m/n on input line 25.
LaTeX Font Info:    Overwriting symbol font `operators' in version `bold'
(Font)                  OT1/cmr/bx/n --> OT1/lmr/bx/n on input line 26.
LaTeX Font Info:    Overwriting symbol font `letters' in version `bold'
(Font)                  OML/cmm/b/it --> OML/lmm/b/it on input line 27.
LaTeX Font Info:    Overwriting symbol font `symbols' in version `bold'
(Font)                  OMS/cmsy/b/n --> OMS/lmsy/b/n on input line 28.
LaTeX Font Info:    Overwriting symbol font `largesymbols' in version `bold'
(Font)                  OMX/cmex/m/n --> OMX/lmex/m/n on input line 29.
LaTeX Font Info:    Overwriting math alphabet `\mathbf' in version `normal'
(Font)                  OT1/cmr/bx/n --> OT1/lmr/bx/n on input line 31.
LaTeX Font Info:    Overwriting math alphabet `\mathsf' in version `normal'
(Font)                  OT1/cmss/m/n --> OT1/lmss/m/n on input line 32.
LaTeX Font Info:    Overwriting math alphabet `\mathit' in version `normal'
(Font)                  OT1/cmr/m/it --> OT1/lmr/m/it on input line 33.
LaTeX Font Info:    Overwriting math alphabet `\mathtt' in version `normal'
(Font)                  OT1/cmtt/m/n --> OT1/lmtt/m/n on input line 34.
LaTeX Font Info:    Overwriting math alphabet `\mathbf' in version `bold'
(Font)                  OT1/cmr/bx/n --> OT1/lmr/bx/n on input line 35.
LaTeX Font Info:    Overwriting math alphabet `\mathsf' in version `bold'
(Font)                  OT1/cmss/bx/n --> OT1/lmss/bx/n on input line 36.
LaTeX Font Info:    Overwriting math alphabet `\mathit' in version `bold'
(Font)                  OT1/cmr/bx/it --> OT1/lmr/bx/it on input line 37.
LaTeX Font Info:    Overwriting math alphabet `\mathtt' in version `bold'
(Font)                  OT1/cmtt/m/n --> OT1/lmtt/m/n on input line 38.
) (/usr/local/texlive/2024/texmf-dist/tex/latex/upquote/upquote.sty
Package: upquote 2012/04/19 v1.3 upright-quote and grave-accent glyphs in verba
tim
(/usr/local/texlive/2024/texmf-dist/tex/latex/base/textcomp.sty
Package: textcomp 2020/02/02 v2.0n Standard LaTeX package
)) (/usr/local/texlive/2024/texmf-dist/tex/latex/microtype/microtype.sty
Package: microtype 2023/03/13 v3.1a Micro-typographical refinements (RS)
(/usr/local/texlive/2024/texmf-dist/tex/latex/etoolbox/etoolbox.sty
Package: etoolbox 2020/10/05 v2.5k e-TeX tools for LaTeX (JAW)
\etb@tempcnta=\count290
)
\MT@toks=\toks23
\MT@tempbox=\box56
\MT@count=\count291
LaTeX Info: Redefining \noprotrusionifhmode on input line 1059.
LaTeX Info: Redefining \leftprotrusion on input line 1060.
\MT@prot@toks=\toks24
LaTeX Info: Redefining \rightprotrusion on input line 1078.
LaTeX Info: Redefining \textls on input line 1368.
\MT@outer@kern=\dimen153
LaTeX Info: Redefining \textmicrotypecontext on input line 1988.
\MT@listname@count=\count292
(/usr/local/texlive/2024/texmf-dist/tex/latex/microtype/microtype-xetex.def
File: microtype-xetex.def 2023/03/13 v3.1a Definitions specific to xetex (RS)
LaTeX Info: Redefining \lsstyle on input line 238.
)
Package microtype Info: Loading configuration file microtype.cfg.
(/usr/local/texlive/2024/texmf-dist/tex/latex/microtype/microtype.cfg
File: microtype.cfg 2023/03/13 v3.1a microtype main configuration file (RS)
)) (/usr/local/texlive/2024/texmf-dist/tex/latex/xcolor/xcolor.sty
Package: xcolor 2023/11/15 v3.01 LaTeX color extensions (UK)
(/usr/local/texlive/2024/texmf-dist/tex/latex/graphics-cfg/color.cfg
File: color.cfg 2016/01/02 v1.6 sample color configuration
)
Package xcolor Info: Driver file: xetex.def on input line 274.
(/usr/local/texlive/2024/texmf-dist/tex/latex/graphics-def/xetex.def
File: xetex.def 2022/09/22 v5.0n Graphics/color driver for xetex
) (/usr/local/texlive/2024/texmf-dist/tex/latex/graphics/mathcolor.ltx)
Package xcolor Info: Model `cmy' substituted by `cmy0' on input line 1350.
Package xcolor Info: Model `RGB' extended on input line 1366.
Package xcolor Info: Model `HTML' substituted by `rgb' on input line 1368.
Package xcolor Info: Model `Hsb' substituted by `hsb' on input line 1369.
Package xcolor Info: Model `tHsb' substituted by `hsb' on input line 1370.
Package xcolor Info: Model `HSB' substituted by `hsb' on input line 1371.
Package xcolor Info: Model `Gray' substituted by `gray' on input line 1372.
Package xcolor Info: Model `wave' substituted by `hsb' on input line 1373.
) (/usr/local/texlive/2024/texmf-dist/tex/latex/graphics/dvipsnam.def
File: dvipsnam.def 2016/06/17 v3.0m Driver-dependent file (DPC,SPQR)
) (/usr/local/texlive/2024/texmf-dist/tex/latex/xcolor/svgnam.def
File: svgnam.def 2023/11/15 v3.01 Predefined colors according to SVG 1.1 (UK)
) (/usr/local/texlive/2024/texmf-dist/tex/latex/xcolor/x11nam.def
File: x11nam.def 2023/11/15 v3.01 Predefined colors according to Unix/X11 (UK)
) (/usr/local/texlive/2024/texmf-dist/tex/latex/tools/longtable.sty
Package: longtable 2023-11-01 v4.19 Multi-page Table package (DPC)
\LTleft=\skip68
\LTright=\skip69
\LTpre=\skip70
\LTpost=\skip71
\LTchunksize=\count293
\LTcapwidth=\dimen154
\LT@head=\box57
\LT@firsthead=\box58
\LT@foot=\box59
\LT@lastfoot=\box60
\LT@gbox=\box61
\LT@cols=\count294
\LT@rows=\count295
\c@LT@tables=\count296
\c@LT@chunks=\count297
\LT@p@ftn=\toks25
)
Class scrreprt Info: longtable captions redefined on input line 72.
(/usr/local/texlive/2024/texmf-dist/tex/latex/booktabs/booktabs.sty
Package: booktabs 2020/01/12 v1.61803398 Publication quality tables
\heavyrulewidth=\dimen155
\lightrulewidth=\dimen156
\cmidrulewidth=\dimen157
\belowrulesep=\dimen158
\belowbottomsep=\dimen159
\aboverulesep=\dimen160
\abovetopsep=\dimen161
\cmidrulesep=\dimen162
\cmidrulekern=\dimen163
\defaultaddspace=\dimen164
\@cmidla=\count298
\@cmidlb=\count299
\@aboverulesep=\dimen165
\@belowrulesep=\dimen166
\@thisruleclass=\count300
\@lastruleclass=\count301
\@thisrulewidth=\dimen167
) (/usr/local/texlive/2024/texmf-dist/tex/latex/tools/array.sty
Package: array 2023/10/16 v2.5g Tabular extension package (FMi)
\col@sep=\dimen168
\ar@mcellbox=\box62
\extrarowheight=\dimen169
\NC@list=\toks26
\extratabsurround=\skip72
\backup@length=\skip73
\ar@cellbox=\box63
) (/usr/local/texlive/2024/texmf-dist/tex/latex/tools/calc.sty
Package: calc 2023/07/08 v4.3 Infix arithmetic (KKT,FJ)
\calc@Acount=\count302
\calc@Bcount=\count303
\calc@Adimen=\dimen170
\calc@Bdimen=\dimen171
\calc@Askip=\skip74
\calc@Bskip=\skip75
LaTeX Info: Redefining \setlength on input line 80.
LaTeX Info: Redefining \addtolength on input line 81.
\calc@Ccount=\count304
\calc@Cskip=\skip76
) (/usr/local/texlive/2024/texmf-dist/tex/latex/footnotehyper/footnotehyper.sty
Package: footnotehyper 2021/08/13 v1.1e hyperref aware footnote.sty (JFB)
\FNH@notes=\box64
\FNH@width=\dimen172
\FNH@toks=\toks27
) (/usr/local/texlive/2024/texmf-dist/tex/latex/graphics/graphicx.sty
Package: graphicx 2021/09/16 v1.2d Enhanced LaTeX Graphics (DPC,SPQR)
(/usr/local/texlive/2024/texmf-dist/tex/latex/graphics/graphics.sty
Package: graphics 2022/03/10 v1.4e Standard LaTeX Graphics (DPC,SPQR)
(/usr/local/texlive/2024/texmf-dist/tex/latex/graphics/trig.sty
Package: trig 2021/08/11 v1.11 sin cos tan (DPC)
) (/usr/local/texlive/2024/texmf-dist/tex/latex/graphics-cfg/graphics.cfg
File: graphics.cfg 2016/06/04 v1.11 sample graphics configuration
)
Package graphics Info: Driver file: xetex.def on input line 107.
)
\Gin@req@height=\dimen173
\Gin@req@width=\dimen174
)
\pandoc@box=\box65
(/usr/local/texlive/2024/texmf-dist/tex/latex/cancel/cancel.sty
Package: cancel 2013/04/12 v2.2 Cancel math terms
) (/usr/local/texlive/2024/texmf-dist/tex/latex/bookmark/bookmark.sty
Package: bookmark 2023-12-10 v1.31 PDF bookmarks (HO)
(/usr/local/texlive/2024/texmf-dist/tex/latex/hyperref/hyperref.sty
Package: hyperref 2024-01-20 v7.01h Hypertext links for LaTeX
(/usr/local/texlive/2024/texmf-dist/tex/latex/kvsetkeys/kvsetkeys.sty
Package: kvsetkeys 2022-10-05 v1.19 Key value parser (HO)
) (/usr/local/texlive/2024/texmf-dist/tex/generic/kvdefinekeys/kvdefinekeys.sty
Package: kvdefinekeys 2019-12-19 v1.6 Define keys (HO)
) (/usr/local/texlive/2024/texmf-dist/tex/generic/pdfescape/pdfescape.sty
Package: pdfescape 2019/12/09 v1.15 Implements pdfTeX's escape features (HO)
(/usr/local/texlive/2024/texmf-dist/tex/generic/ltxcmds/ltxcmds.sty
Package: ltxcmds 2023-12-04 v1.26 LaTeX kernel commands for general use (HO)
) (/usr/local/texlive/2024/texmf-dist/tex/generic/pdftexcmds/pdftexcmds.sty
Package: pdftexcmds 2020-06-27 v0.33 Utility functions of pdfTeX for LuaTeX (HO
)
(/usr/local/texlive/2024/texmf-dist/tex/generic/infwarerr/infwarerr.sty
Package: infwarerr 2019/12/03 v1.5 Providing info/warning/error messages (HO)
)
Package pdftexcmds Info: \pdf@primitive is available.
Package pdftexcmds Info: \pdf@ifprimitive is available.
Package pdftexcmds Info: \pdfdraftmode not found.
)) (/usr/local/texlive/2024/texmf-dist/tex/latex/hycolor/hycolor.sty
Package: hycolor 2020-01-27 v1.10 Color options for hyperref/bookmark (HO)
) (/usr/local/texlive/2024/texmf-dist/tex/latex/auxhook/auxhook.sty
Package: auxhook 2019-12-17 v1.6 Hooks for auxiliary files (HO)
) (/usr/local/texlive/2024/texmf-dist/tex/latex/hyperref/nameref.sty
Package: nameref 2023-11-26 v2.56 Cross-referencing by name of section
(/usr/local/texlive/2024/texmf-dist/tex/latex/refcount/refcount.sty
Package: refcount 2019/12/15 v3.6 Data extraction from label references (HO)
)
(/usr/local/texlive/2024/texmf-dist/tex/generic/gettitlestring/gettitlestring.s
ty
Package: gettitlestring 2019/12/15 v1.6 Cleanup title references (HO)
(/usr/local/texlive/2024/texmf-dist/tex/latex/kvoptions/kvoptions.sty
Package: kvoptions 2022-06-15 v3.15 Key value format for package options (HO)
))
\c@section@level=\count305
)
\@linkdim=\dimen175
\Hy@linkcounter=\count306
\Hy@pagecounter=\count307
(/usr/local/texlive/2024/texmf-dist/tex/latex/hyperref/pd1enc.def
File: pd1enc.def 2024-01-20 v7.01h Hyperref: PDFDocEncoding definition (HO)
) (/usr/local/texlive/2024/texmf-dist/tex/generic/intcalc/intcalc.sty
Package: intcalc 2019/12/15 v1.3 Expandable calculations with integers (HO)
)
\Hy@SavedSpaceFactor=\count308
(/usr/local/texlive/2024/texmf-dist/tex/latex/hyperref/puenc.def
File: puenc.def 2024-01-20 v7.01h Hyperref: PDF Unicode definition (HO)
)
Package hyperref Info: Option `unicode' set `true' on input line 4062.
Package hyperref Info: Hyper figures OFF on input line 4179.
Package hyperref Info: Link nesting OFF on input line 4184.
Package hyperref Info: Hyper index ON on input line 4187.
Package hyperref Info: Plain pages OFF on input line 4194.
Package hyperref Info: Backreferencing OFF on input line 4199.
Package hyperref Info: Implicit mode ON; LaTeX internals redefined.
Package hyperref Info: Bookmarks ON on input line 4446.
\c@Hy@tempcnt=\count309
(/usr/local/texlive/2024/texmf-dist/tex/latex/url/url.sty
\Urlmuskip=\muskip18
Package: url 2013/09/16  ver 3.4  Verb mode for urls, etc.
)
LaTeX Info: Redefining \url on input line 4784.
\XeTeXLinkMargin=\dimen176
(/usr/local/texlive/2024/texmf-dist/tex/generic/bitset/bitset.sty
Package: bitset 2019/12/09 v1.3 Handle bit-vector datatype (HO)
(/usr/local/texlive/2024/texmf-dist/tex/generic/bigintcalc/bigintcalc.sty
Package: bigintcalc 2019/12/15 v1.5 Expandable calculations on big integers (HO
)
))
\Fld@menulength=\count310
\Field@Width=\dimen177
\Fld@charsize=\dimen178
Package hyperref Info: Hyper figures OFF on input line 6063.
Package hyperref Info: Link nesting OFF on input line 6068.
Package hyperref Info: Hyper index ON on input line 6071.
Package hyperref Info: backreferencing OFF on input line 6078.
Package hyperref Info: Link coloring OFF on input line 6083.
Package hyperref Info: Link coloring with OCG OFF on input line 6088.
Package hyperref Info: PDF/A mode OFF on input line 6093.
(/usr/local/texlive/2024/texmf-dist/tex/latex/base/atbegshi-ltx.sty
Package: atbegshi-ltx 2021/01/10 v1.0c Emulation of the original atbegshi
package with kernel methods
)
\Hy@abspage=\count311
\c@Item=\count312
\c@Hfootnote=\count313
)
Package hyperref Info: Driver (autodetected): hxetex.
(/usr/local/texlive/2024/texmf-dist/tex/latex/hyperref/hxetex.def
File: hxetex.def 2024-01-20 v7.01h Hyperref driver for XeTeX
(/usr/local/texlive/2024/texmf-dist/tex/generic/stringenc/stringenc.sty
Package: stringenc 2019/11/29 v1.12 Convert strings between diff. encodings (HO
)
)
\pdfm@box=\box66
\c@Hy@AnnotLevel=\count314
\HyField@AnnotCount=\count315
\Fld@listcount=\count316
\c@bookmark@seq@number=\count317

(/usr/local/texlive/2024/texmf-dist/tex/latex/rerunfilecheck/rerunfilecheck.sty
Package: rerunfilecheck 2022-07-10 v1.10 Rerun checks for auxiliary files (HO)
(/usr/local/texlive/2024/texmf-dist/tex/latex/base/atveryend-ltx.sty
Package: atveryend-ltx 2020/08/19 v1.0a Emulation of the original atveryend pac
kage
with kernel methods
)
(/usr/local/texlive/2024/texmf-dist/tex/generic/uniquecounter/uniquecounter.sty
Package: uniquecounter 2019/12/15 v1.4 Provide unlimited unique counter (HO)
)
Package uniquecounter Info: New unique counter `rerunfilecheck' on input line 2
85.
)
\Hy@SectionHShift=\skip77
) (/usr/local/texlive/2024/texmf-dist/tex/latex/bookmark/bkm-dvipdfm.def
File: bkm-dvipdfm.def 2023-12-10 v1.31 bookmark driver for dvipdfm (HO)
\BKM@id=\count318
)) (/usr/local/texlive/2024/texmf-dist/tex/latex/caption/caption.sty
Package: caption 2023/08/05 v3.6o Customizing captions (AR)
(/usr/local/texlive/2024/texmf-dist/tex/latex/caption/caption3.sty
Package: caption3 2023/07/31 v2.4d caption3 kernel (AR)
\caption@tempdima=\dimen179
\captionmargin=\dimen180
\caption@leftmargin=\dimen181
\caption@rightmargin=\dimen182
\caption@width=\dimen183
\caption@indent=\dimen184
\caption@parindent=\dimen185
\caption@hangindent=\dimen186
Package caption Info: KOMA-Script document class detected.
(/usr/local/texlive/2024/texmf-dist/tex/latex/caption/caption-koma.sto
File: caption-koma.sto 2023/09/08 v2.0e Adaption of the caption package to the 
KOMA-Script document classes (AR)
))
\c@caption@flags=\count319
\c@continuedfloat=\count320
Package caption Info: hyperref package is loaded.
Package caption Info: longtable package is loaded.
(/usr/local/texlive/2024/texmf-dist/tex/latex/caption/ltcaption.sty
Package: ltcaption 2021/01/08 v1.4c longtable captions (AR)
)
Package caption Info: KOMA-Script scrextend package detected.
\caption@addmargin@hsize=\dimen187
\caption@addmargin@linewidth=\dimen188
) (/usr/local/texlive/2024/texmf-dist/tex/latex/float/float.sty
Package: float 2001/11/08 v1.3d Float enhancements (AL)
\c@float@type=\count321
\float@exts=\toks28
\float@box=\box67
\@float@everytoks=\toks29
\@floatcapt=\box68
)
\@float@every@codelisting=\toks30
\c@codelisting=\count322
(/usr/local/texlive/2024/texmf-dist/tex/latex/caption/subcaption.sty
Package: subcaption 2023/07/28 v1.6b Sub-captions (AR)
Package caption Info: New subtype `subfigure' on input line 238.
\c@subfigure=\count323
Package caption Info: New subtype `subtable' on input line 238.
\c@subtable=\count324
) (/usr/local/texlive/2024/texmf-dist/tex/latex/xurl/xurl.sty
Package: xurl 2022/01/09 v 0.10 modify URL breaks
)
Package hyperref Info: Option `colorlinks' set `true' on input line 156.
No file index.aux.
\openout1 = `index.aux'.

LaTeX Font Info:    Checking defaults for OML/cmm/m/it on input line 163.
LaTeX Font Info:    ... okay on input line 163.
LaTeX Font Info:    Checking defaults for OMS/cmsy/m/n on input line 163.
LaTeX Font Info:    ... okay on input line 163.
LaTeX Font Info:    Checking defaults for OT1/cmr/m/n on input line 163.
LaTeX Font Info:    ... okay on input line 163.
LaTeX Font Info:    Checking defaults for T1/cmr/m/n on input line 163.
LaTeX Font Info:    ... okay on input line 163.
LaTeX Font Info:    Checking defaults for TS1/cmr/m/n on input line 163.
LaTeX Font Info:    ... okay on input line 163.
LaTeX Font Info:    Checking defaults for TU/lmr/m/n on input line 163.
LaTeX Font Info:    ... okay on input line 163.
LaTeX Font Info:    Checking defaults for OMX/cmex/m/n on input line 163.
LaTeX Font Info:    ... okay on input line 163.
LaTeX Font Info:    Checking defaults for U/cmr/m/n on input line 163.
LaTeX Font Info:    ... okay on input line 163.
LaTeX Font Info:    Checking defaults for PD1/pdf/m/n on input line 163.
LaTeX Font Info:    ... okay on input line 163.
LaTeX Font Info:    Checking defaults for PU/pdf/m/n on input line 163.
LaTeX Font Info:    ... okay on input line 163.
Package scrbase Info: activating english \abstractname on input line 163.
Package scrbase Info: activating english \partname on input line 163.
Package scrbase Info: activating english \chaptername on input line 163.
Package scrbase Info: activating english \appendixname on input line 163.
Package scrbase Info: activating english \figurename on input line 163.
Package scrbase Info: activating english \tablename on input line 163.
Package scrbase Info: activating english \contentsname on input line 163.
Package scrbase Info: activating english \listfigurename on input line 163.
Package scrbase Info: activating english \listtablename on input line 163.
Package scrbase Info: activating english \bibname on input line 163.
Package scrbase Info: activating english \indexname on input line 163.
LaTeX Font Info:    Overwriting math alphabet `\mathrm' in version `normal'
(Font)                  OT1/lmr/m/n --> TU/lmr/m/n on input line 163.
LaTeX Font Info:    Overwriting math alphabet `\mathit' in version `normal'
(Font)                  OT1/lmr/m/it --> TU/lmr/m/it on input line 163.
LaTeX Font Info:    Overwriting math alphabet `\mathbf' in version `normal'
(Font)                  OT1/lmr/bx/n --> TU/lmr/bx/n on input line 163.
LaTeX Font Info:    Overwriting math alphabet `\mathsf' in version `normal'
(Font)                  OT1/lmss/m/n --> TU/lmss/m/n on input line 163.
LaTeX Font Info:    Overwriting math alphabet `\mathsf' in version `bold'
(Font)                  OT1/lmss/bx/n --> TU/lmss/bx/n on input line 163.
LaTeX Font Info:    Overwriting math alphabet `\mathtt' in version `normal'
(Font)                  OT1/lmtt/m/n --> TU/lmtt/m/n on input line 163.
LaTeX Font Info:    Overwriting math alphabet `\mathtt' in version `bold'
(Font)                  OT1/lmtt/m/n --> TU/lmtt/bx/n on input line 163.

Package fontspec Info: latinmodern-math scale = 0.9999967668407183.


Package fontspec Info: latinmodern-math scale = 0.9999967668407183.


Package fontspec Info: latinmodern-math scale = 0.9999967668407183.


Package fontspec Info: Font family 'latinmodern-math.otf(0)' created for font
(fontspec)             'latinmodern-math.otf' with options
(fontspec)             [Scale=MatchLowercase,BoldItalicFont={},ItalicFont={},Sm
allCapsFont={},Script=Math,BoldFont={latinmodern-math.otf}].
(fontspec)              
(fontspec)              This font family consists of the following NFSS
(fontspec)             series/shapes:
(fontspec)              
(fontspec)             - 'normal' (m/n) with NFSS spec.:
(fontspec)             <->s*[0.9999967668407183]"[latinmodern-math.otf]/OT:scri
pt=math;language=dflt;"
(fontspec)             - 'small caps'  (m/sc) with NFSS spec.: 
(fontspec)             - 'bold' (b/n) with NFSS spec.:
(fontspec)             <->s*[0.9999967668407183]"[latinmodern-math.otf]/OT:scri
pt=math;language=dflt;"
(fontspec)             - 'bold small caps'  (b/sc) with NFSS spec.: 

LaTeX Font Info:    Font shape `TU/latinmodern-math.otf(0)/m/n' will be
(Font)              scaled to size 10.95pt on input line 163.

Package fontspec Info: latinmodern-math scale = 0.9999967668407183.


Package fontspec Info: latinmodern-math scale = 0.9999967668407183.


Package fontspec Info: latinmodern-math scale = 0.9999967668407183.


Package fontspec Info: latinmodern-math scale = 0.9999967668407183.


Package fontspec Info: latinmodern-math scale = 0.9999967668407183.


Package fontspec Info: Font family 'latinmodern-math.otf(1)' created for font
(fontspec)             'latinmodern-math.otf' with options
(fontspec)             [Scale=MatchLowercase,BoldItalicFont={},ItalicFont={},Sm
allCapsFont={},Script=Math,SizeFeatures={{Size=9.3075-},{Size=6.57-9.3075,Font=
latinmodern-math.otf,Style=MathScript},{Size=-6.57,Font=latinmodern-math.otf,St
yle=MathScriptScript}},BoldFont={latinmodern-math.otf}].
(fontspec)              
(fontspec)              This font family consists of the following NFSS
(fontspec)             series/shapes:
(fontspec)              
(fontspec)             - 'normal' (m/n) with NFSS spec.:
(fontspec)             <9.3075->s*[0.9999967668407183]"[latinmodern-math.otf]/O
T:script=math;language=dflt;"<6.57-9.3075>s*[0.9999967668407183]"[latinmodern-m
ath.otf]/OT:script=math;language=dflt;+ssty=0;"<-6.57>s*[0.9999967668407183]"[l
atinmodern-math.otf]/OT:script=math;language=dflt;+ssty=1;"
(fontspec)             - 'small caps'  (m/sc) with NFSS spec.: 
(fontspec)             - 'bold' (b/n) with NFSS spec.:
(fontspec)             <->s*[0.9999967668407183]"[latinmodern-math.otf]/OT:scri
pt=math;language=dflt;"
(fontspec)             - 'bold small caps'  (b/sc) with NFSS spec.: 

LaTeX Font Info:    Font shape `TU/latinmodern-math.otf(1)/m/n' will be
(Font)              scaled to size 10.95pt on input line 163.
LaTeX Font Info:    Encoding `OT1' has changed to `TU' for symbol font
(Font)              `operators' in the math version `normal' on input line 163.

LaTeX Font Info:    Overwriting symbol font `operators' in version `normal'
(Font)                  OT1/lmr/m/n --> TU/latinmodern-math.otf(1)/m/n on input
 line 163.
LaTeX Font Info:    Encoding `OT1' has changed to `TU' for symbol font
(Font)              `operators' in the math version `bold' on input line 163.
LaTeX Font Info:    Overwriting symbol font `operators' in version `bold'
(Font)                  OT1/lmr/bx/n --> TU/latinmodern-math.otf(1)/b/n on inpu
t line 163.

Package fontspec Info: latinmodern-math scale = 0.9999967668407183.


Package fontspec Info: latinmodern-math scale = 1.000096766517402.


Package fontspec Info: latinmodern-math scale = 0.9999967668407183.


Package fontspec Info: latinmodern-math scale = 1.000096766517402.


Package fontspec Info: latinmodern-math scale = 0.9999967668407183.


Package fontspec Info: latinmodern-math scale = 1.000096766517402.


Package fontspec Info: latinmodern-math scale = 0.9999967668407183.


Package fontspec Info: latinmodern-math scale = 1.000096766517402.


Package fontspec Info: latinmodern-math scale = 0.9999967668407183.


Package fontspec Info: latinmodern-math scale = 1.000096766517402.


Package fontspec Info: Font family 'latinmodern-math.otf(2)' created for font
(fontspec)             'latinmodern-math.otf' with options
(fontspec)             [Scale=MatchLowercase,BoldItalicFont={},ItalicFont={},Sm
allCapsFont={},Script=Math,SizeFeatures={{Size=9.3075-},{Size=6.57-9.3075,Font=
latinmodern-math.otf,Style=MathScript},{Size=-6.57,Font=latinmodern-math.otf,St
yle=MathScriptScript}},BoldFont={latinmodern-math.otf},ScaleAgain=1.0001,FontAd
justment={\fontdimen
(fontspec)             8\font =7.41315pt\relax \fontdimen 9\font
(fontspec)             =4.3143pt\relax \fontdimen 10\font =4.8618pt\relax
(fontspec)             \fontdimen 11\font =7.5117pt\relax \fontdimen 12\font
(fontspec)             =3.77776pt\relax \fontdimen 13\font =3.97485pt\relax
(fontspec)             \fontdimen 14\font =3.97485pt\relax \fontdimen 15\font
(fontspec)             =3.16455pt\relax \fontdimen 16\font =2.70465pt\relax
(fontspec)             \fontdimen 17\font =2.70465pt\relax \fontdimen 18\font
(fontspec)             =2.7375pt\relax \fontdimen 19\font =2.19pt\relax
(fontspec)             \fontdimen 22\font =2.7375pt\relax \fontdimen 20\font
(fontspec)             =0pt\relax \fontdimen 21\font =0pt\relax }].
(fontspec)              
(fontspec)              This font family consists of the following NFSS
(fontspec)             series/shapes:
(fontspec)              
(fontspec)             - 'normal' (m/n) with NFSS spec.:
(fontspec)             <9.3075->s*[1.000096766517402]"[latinmodern-math.otf]/OT
:script=math;language=dflt;"<6.57-9.3075>s*[1.000096766517402]"[latinmodern-mat
h.otf]/OT:script=math;language=dflt;+ssty=0;"<-6.57>s*[1.000096766517402]"[lati
nmodern-math.otf]/OT:script=math;language=dflt;+ssty=1;"
(fontspec)             - 'small caps'  (m/sc) with NFSS spec.: 
(fontspec)             and font adjustment code:
(fontspec)             \fontdimen 8\font =7.41315pt\relax \fontdimen 9\font
(fontspec)             =4.3143pt\relax \fontdimen 10\font =4.8618pt\relax
(fontspec)             \fontdimen 11\font =7.5117pt\relax \fontdimen 12\font
(fontspec)             =3.77776pt\relax \fontdimen 13\font =3.97485pt\relax
(fontspec)             \fontdimen 14\font =3.97485pt\relax \fontdimen 15\font
(fontspec)             =3.16455pt\relax \fontdimen 16\font =2.70465pt\relax
(fontspec)             \fontdimen 17\font =2.70465pt\relax \fontdimen 18\font
(fontspec)             =2.7375pt\relax \fontdimen 19\font =2.19pt\relax
(fontspec)             \fontdimen 22\font =2.7375pt\relax \fontdimen 20\font
(fontspec)             =0pt\relax \fontdimen 21\font =0pt\relax 
(fontspec)             - 'bold' (b/n) with NFSS spec.:
(fontspec)             <->s*[1.000096766517402]"[latinmodern-math.otf]/OT:scrip
t=math;language=dflt;"
(fontspec)             - 'bold small caps'  (b/sc) with NFSS spec.: 
(fontspec)             and font adjustment code:
(fontspec)             \fontdimen 8\font =7.41315pt\relax \fontdimen 9\font
(fontspec)             =4.3143pt\relax \fontdimen 10\font =4.8618pt\relax
(fontspec)             \fontdimen 11\font =7.5117pt\relax \fontdimen 12\font
(fontspec)             =3.77776pt\relax \fontdimen 13\font =3.97485pt\relax
(fontspec)             \fontdimen 14\font =3.97485pt\relax \fontdimen 15\font
(fontspec)             =3.16455pt\relax \fontdimen 16\font =2.70465pt\relax
(fontspec)             \fontdimen 17\font =2.70465pt\relax \fontdimen 18\font
(fontspec)             =2.7375pt\relax \fontdimen 19\font =2.19pt\relax
(fontspec)             \fontdimen 22\font =2.7375pt\relax \fontdimen 20\font
(fontspec)             =0pt\relax \fontdimen 21\font =0pt\relax 

LaTeX Font Info:    Encoding `OMS' has changed to `TU' for symbol font
(Font)              `symbols' in the math version `normal' on input line 163.
LaTeX Font Info:    Overwriting symbol font `symbols' in version `normal'
(Font)                  OMS/lmsy/m/n --> TU/latinmodern-math.otf(2)/m/n on inpu
t line 163.
LaTeX Font Info:    Encoding `OMS' has changed to `TU' for symbol font
(Font)              `symbols' in the math version `bold' on input line 163.
LaTeX Font Info:    Overwriting symbol font `symbols' in version `bold'
(Font)                  OMS/lmsy/b/n --> TU/latinmodern-math.otf(2)/b/n on inpu
t line 163.

Package fontspec Info: latinmodern-math scale = 0.9999967668407183.


Package fontspec Info: latinmodern-math scale = 0.9998967671640342.


Package fontspec Info: latinmodern-math scale = 0.9999967668407183.


Package fontspec Info: latinmodern-math scale = 0.9998967671640342.


Package fontspec Info: latinmodern-math scale = 0.9999967668407183.


Package fontspec Info: latinmodern-math scale = 0.9998967671640342.


Package fontspec Info: latinmodern-math scale = 0.9999967668407183.


Package fontspec Info: latinmodern-math scale = 0.9998967671640342.


Package fontspec Info: latinmodern-math scale = 0.9999967668407183.


Package fontspec Info: latinmodern-math scale = 0.9998967671640342.


Package fontspec Info: Font family 'latinmodern-math.otf(3)' created for font
(fontspec)             'latinmodern-math.otf' with options
(fontspec)             [Scale=MatchLowercase,BoldItalicFont={},ItalicFont={},Sm
allCapsFont={},Script=Math,SizeFeatures={{Size=9.3075-},{Size=6.57-9.3075,Font=
latinmodern-math.otf,Style=MathScript},{Size=-6.57,Font=latinmodern-math.otf,St
yle=MathScriptScript}},BoldFont={latinmodern-math.otf},ScaleAgain=0.9999,FontAd
justment={\fontdimen
(fontspec)             8\font =0.438pt\relax \fontdimen 9\font =2.19pt\relax
(fontspec)             \fontdimen 10\font =1.82864pt\relax \fontdimen 11\font
(fontspec)             =1.21545pt\relax \fontdimen 12\font =6.56999pt\relax
(fontspec)             \fontdimen 13\font =0pt\relax }].
(fontspec)              
(fontspec)              This font family consists of the following NFSS
(fontspec)             series/shapes:
(fontspec)              
(fontspec)             - 'normal' (m/n) with NFSS spec.:
(fontspec)             <9.3075->s*[0.9998967671640342]"[latinmodern-math.otf]/O
T:script=math;language=dflt;"<6.57-9.3075>s*[0.9998967671640342]"[latinmodern-m
ath.otf]/OT:script=math;language=dflt;+ssty=0;"<-6.57>s*[0.9998967671640342]"[l
atinmodern-math.otf]/OT:script=math;language=dflt;+ssty=1;"
(fontspec)             - 'small caps'  (m/sc) with NFSS spec.: 
(fontspec)             and font adjustment code:
(fontspec)             \fontdimen 8\font =0.438pt\relax \fontdimen 9\font
(fontspec)             =2.19pt\relax \fontdimen 10\font =1.82864pt\relax
(fontspec)             \fontdimen 11\font =1.21545pt\relax \fontdimen 12\font
(fontspec)             =6.56999pt\relax \fontdimen 13\font =0pt\relax 
(fontspec)             - 'bold' (b/n) with NFSS spec.:
(fontspec)             <->s*[0.9998967671640342]"[latinmodern-math.otf]/OT:scri
pt=math;language=dflt;"
(fontspec)             - 'bold small caps'  (b/sc) with NFSS spec.: 
(fontspec)             and font adjustment code:
(fontspec)             \fontdimen 8\font =0.438pt\relax \fontdimen 9\font
(fontspec)             =2.19pt\relax \fontdimen 10\font =1.82864pt\relax
(fontspec)             \fontdimen 11\font =1.21545pt\relax \fontdimen 12\font
(fontspec)             =6.56999pt\relax \fontdimen 13\font =0pt\relax 

LaTeX Font Info:    Encoding `OMX' has changed to `TU' for symbol font
(Font)              `largesymbols' in the math version `normal' on input line 1
63.
LaTeX Font Info:    Overwriting symbol font `largesymbols' in version `normal'
(Font)                  OMX/lmex/m/n --> TU/latinmodern-math.otf(3)/m/n on inpu
t line 163.
LaTeX Font Info:    Encoding `OMX' has changed to `TU' for symbol font
(Font)              `largesymbols' in the math version `bold' on input line 163
.
LaTeX Font Info:    Overwriting symbol font `largesymbols' in version `bold'
(Font)                  OMX/lmex/m/n --> TU/latinmodern-math.otf(3)/b/n on inpu
t line 163.
LaTeX Info: Redefining \microtypecontext on input line 163.
Package microtype Info: Applying patch `item' on input line 163.
Package microtype Info: Applying patch `toc' on input line 163.
Package microtype Info: Applying patch `eqnum' on input line 163.
Package microtype Info: Applying patch `footnote' on input line 163.
Package microtype Info: Applying patch `verbatim' on input line 163.
Package microtype Info: Character protrusion enabled (level 2).
Package microtype Info: Using protrusion set `basicmath'.
Package microtype Info: No adjustment of tracking.
Package microtype Info: No adjustment of spacing.
Package microtype Info: No adjustment of kerning.

(/usr/local/texlive/2024/texmf-dist/tex/latex/microtype/mt-LatinModernRoman.cfg
File: mt-LatinModernRoman.cfg 2021/02/21 v1.1 microtype config. file: Latin Mod
ern Roman (RS)
)
Package hyperref Info: Link coloring ON on input line 163.

Package hyperref Warning: Rerun to get /PageLabels entry.

Package caption Info: Begin \AtBeginDocument code.
Package caption Info: float package is loaded.
Package caption Info: End \AtBeginDocument code.
Package microtype Info: Loading generic protrusion settings for font family
(microtype)             `lmss' (encoding: TU).
(microtype)             For optimal results, create family-specific settings.
(microtype)             See the microtype manual for details.
LaTeX Font Info:    Font shape `TU/latinmodern-math.otf(1)/m/n' will be
(Font)              scaled to size 14.4pt on input line 165.
LaTeX Font Info:    Font shape `TU/latinmodern-math.otf(1)/m/n' will be
(Font)              scaled to size 10.0pt on input line 165.
LaTeX Font Info:    Font shape `TU/latinmodern-math.otf(1)/m/n' will be
(Font)              scaled to size 7.0pt on input line 165.
LaTeX Font Info:    Trying to load font information for OML+lmm on input line 1
65.
(/usr/local/texlive/2024/texmf-dist/tex/latex/lm/omllmm.fd
File: omllmm.fd 2015/05/01 v1.6.1 Font defs for Latin Modern
)
LaTeX Font Info:    Font shape `TU/latinmodern-math.otf(2)/m/n' will be
(Font)              scaled to size 14.4013pt on input line 165.
LaTeX Font Info:    Font shape `TU/latinmodern-math.otf(2)/m/n' will be
(Font)              scaled to size 10.00092pt on input line 165.
LaTeX Font Info:    Font shape `TU/latinmodern-math.otf(2)/m/n' will be
(Font)              scaled to size 7.00064pt on input line 165.
LaTeX Font Info:    Font shape `TU/latinmodern-math.otf(3)/m/n' will be
(Font)              scaled to size 14.39845pt on input line 165.
LaTeX Font Info:    Font shape `TU/latinmodern-math.otf(3)/m/n' will be
(Font)              scaled to size 9.99893pt on input line 165.
LaTeX Font Info:    Font shape `TU/latinmodern-math.otf(3)/m/n' will be
(Font)              scaled to size 6.99925pt on input line 165.
LaTeX Font Info:    Trying to load font information for U+msa on input line 165
.
(/usr/local/texlive/2024/texmf-dist/tex/latex/amsfonts/umsa.fd
File: umsa.fd 2013/01/14 v3.01 AMS symbols A
) (/usr/local/texlive/2024/texmf-dist/tex/latex/microtype/mt-msa.cfg
File: mt-msa.cfg 2006/02/04 v1.1 microtype config. file: AMS symbols (a) (RS)
)
LaTeX Font Info:    Trying to load font information for U+msb on input line 165
.
(/usr/local/texlive/2024/texmf-dist/tex/latex/amsfonts/umsb.fd
File: umsb.fd 2013/01/14 v3.01 AMS symbols B
) (/usr/local/texlive/2024/texmf-dist/tex/latex/microtype/mt-msb.cfg
File: mt-msb.cfg 2005/06/01 v1.0 microtype config. file: AMS symbols (b) (RS)
) [1



]
Package tocbasic Info: character protrusion at toc deactivated on input line 17
0.
No file index.toc.
\tf@toc=\write3
\openout3 = `index.toc'.

[2

]
File: archive/gifs/Galileo-quote.png Graphic file (type bmp)
<archive/gifs/Galileo-quote.png>

Overfull \hbox (10.95616pt too wide) in paragraph at lines 215--216
[][] 
 []

[3

] [4]
part I.
Package scrkbase Info: You've told me to use the font selection of the element
(scrkbase)             `partprefix' that is an alias of element `partnumber'
(scrkbase)              on input line 217.
[5

]

Package hyperref Warning: Suppressing empty link on input line 254.


Package hyperref Warning: Suppressing empty link on input line 255.

Missing character: There is no   (U+2002) in font [lmroman10-regular]:mapping=t
ex-text;!

Package hyperref Warning: Suppressing empty link on input line 256.


Package hyperref Warning: Suppressing empty link on input line 257.

Missing character: There is no   (U+2002) in font [lmroman10-regular]:mapping=t
ex-text;!

Package hyperref Warning: Suppressing empty link on input line 257.


Package hyperref Warning: Suppressing empty link on input line 258.

Missing character: There is no   (U+2002) in font [lmroman10-regular]:mapping=t
ex-text;!

Package hyperref Warning: Suppressing empty link on input line 259.


Package hyperref Warning: Suppressing empty link on input line 260.

Missing character: There is no   (U+2002) in font [lmroman10-regular]:mapping=t
ex-text;!

Package hyperref Warning: Suppressing empty link on input line 261.

Missing character: There is no   (U+2002) in font [lmroman10-regular]:mapping=t
ex-text;!

Package hyperref Warning: Suppressing empty link on input line 262.

Missing character: There is no   (U+2002) in font [lmroman10-regular]:mapping=t
ex-text;!

Package hyperref Warning: Suppressing empty link on input line 263.


Package hyperref Warning: Suppressing empty link on input line 264.

Missing character: There is no   (U+2002) in font [lmroman10-regular]:mapping=t
ex-text;!

Package hyperref Warning: Suppressing empty link on input line 265.


Package hyperref Warning: Suppressing empty link on input line 266.

Missing character: There is no   (U+2002) in font [lmroman10-regular]:mapping=t
ex-text;!

Package hyperref Warning: Suppressing empty link on input line 267.


Package hyperref Warning: Suppressing empty link on input line 268.

Missing character: There is no   (U+2002) in font [lmroman10-regular]:mapping=t
ex-text;!

Package hyperref Warning: Suppressing empty link on input line 269.


Package hyperref Warning: Suppressing empty link on input line 271.

Missing character: There is no   (U+2002) in font [lmroman10-regular]:mapping=t
ex-text;!

Package hyperref Warning: Suppressing empty link on input line 272.


Package hyperref Warning: Suppressing empty link on input line 273.

Missing character: There is no   (U+2002) in font [lmroman10-regular]:mapping=t
ex-text;!

Package hyperref Warning: Suppressing empty link on input line 274.


Package hyperref Warning: Suppressing empty link on input line 275.

Missing character: There is no   (U+2002) in font [lmroman10-regular]:mapping=t
ex-text;!

Package hyperref Warning: Suppressing empty link on input line 276.


Package hyperref Warning: Suppressing empty link on input line 277.

Missing character: There is no   (U+2002) in font [lmroman10-regular]:mapping=t
ex-text;!

Package hyperref Warning: Suppressing empty link on input line 278.

Missing character: There is no   (U+2002) in font [lmroman10-regular]:mapping=t
ex-text;!

Package hyperref Warning: Suppressing empty link on input line 279.


Package hyperref Warning: Suppressing empty link on input line 281.

Missing character: There is no   (U+2002) in font [lmroman10-regular]:mapping=t
ex-text;!

Package hyperref Warning: Suppressing empty link on input line 282.


Package hyperref Warning: Suppressing empty link on input line 283.

Missing character: There is no   (U+2002) in font [lmroman10-regular]:mapping=t
ex-text;!

Package hyperref Warning: Suppressing empty link on input line 284.


Package hyperref Warning: Suppressing empty link on input line 286.

Missing character: There is no   (U+2002) in font [lmroman10-regular]:mapping=t
ex-text;!

Package hyperref Warning: Suppressing empty link on input line 287.


Package hyperref Warning: Suppressing empty link on input line 288.


Package hyperref Warning: Suppressing empty link on input line 290.

Missing character: There is no   (U+2002) in font [lmroman10-regular]:mapping=t
ex-text;!

Package hyperref Warning: Suppressing empty link on input line 291.


Package hyperref Warning: Suppressing empty link on input line 293.

Missing character: There is no   (U+2002) in font [lmroman10-regular]:mapping=t
ex-text;!

Package hyperref Warning: Suppressing empty link on input line 294.


Package hyperref Warning: Suppressing empty link on input line 295.

Missing character: There is no   (U+2002) in font [lmroman10-regular]:mapping=t
ex-text;!

Package hyperref Warning: Suppressing empty link on input line 296.


Package hyperref Warning: Suppressing empty link on input line 297.

Missing character: There is no   (U+2002) in font [lmroman10-regular]:mapping=t
ex-text;!

Package hyperref Warning: Suppressing empty link on input line 298.


Package hyperref Warning: Suppressing empty link on input line 299.


Package hyperref Warning: Suppressing empty link on input line 300.

Missing character: There is no   (U+2002) in font [lmroman10-regular]:mapping=t
ex-text;!

Package hyperref Warning: Suppressing empty link on input line 301.


Package hyperref Warning: Suppressing empty link on input line 302.


Package hyperref Warning: Suppressing empty link on input line 303.

Missing character: There is no   (U+2002) in font [lmroman10-regular]:mapping=t
ex-text;!

Package hyperref Warning: Suppressing empty link on input line 304.


Package hyperref Warning: Suppressing empty link on input line 305.

Missing character: There is no   (U+2002) in font [lmroman10-regular]:mapping=t
ex-text;!

Package hyperref Warning: Suppressing empty link on input line 306.

[6

]
Missing character: There is no ע (U+05E2) in font [lmsans10-bold]:mapping=tex-t
ext;!
Missing character: There is no ב (U+05D1) in font [lmsans10-bold]:mapping=tex-t
ext;!
Missing character: There is no ר (U+05E8) in font [lmsans10-bold]:mapping=tex-t
ext;!
Missing character: There is no י (U+05D9) in font [lmsans10-bold]:mapping=tex-t
ext;!
Missing character: There is no ת (U+05EA) in font [lmsans10-bold]:mapping=tex-t
ext;!
Missing character: There is no ק (U+05E7) in font [lmroman10-regular]:mapping=t
ex-text;!
Missing character: There is no י (U+05D9) in font [lmroman10-regular]:mapping=t
ex-text;!
Missing character: There is no י (U+05D9) in font [lmroman10-regular]:mapping=t
ex-text;!
Missing character: There is no ם (U+05DD) in font [lmroman10-regular]:mapping=t
ex-text;!
Missing character: There is no א (U+05D0) in font [lmroman10-regular]:mapping=t
ex-text;!
Missing character: There is no ת (U+05EA) in font [lmroman10-regular]:mapping=t
ex-text;!
Missing character: There is no ר (U+05E8) in font [lmroman10-regular]:mapping=t
ex-text;!
Missing character: There is no ש (U+05E9) in font [lmroman10-regular]:mapping=t
ex-text;!
Missing character: There is no ל (U+05DC) in font [lmroman10-regular]:mapping=t
ex-text;!
Missing character: There is no א (U+05D0) in font [lmroman10-regular]:mapping=t
ex-text;!
Missing character: There is no ק (U+05E7) in font [lmroman10-regular]:mapping=t
ex-text;!
Missing character: There is no ד (U+05D3) in font [lmroman10-regular]:mapping=t
ex-text;!
Missing character: There is no מ (U+05DE) in font [lmroman10-regular]:mapping=t
ex-text;!
Missing character: There is no י (U+05D9) in font [lmroman10-regular]:mapping=t
ex-text;!
Missing character: There is no י (U+05D9) in font [lmroman10-regular]:mapping=t
ex-text;!
Missing character: There is no ת (U+05EA) in font [lmroman10-regular]:mapping=t
ex-text;!
Missing character: There is no ק (U+05E7) in font [lmroman10-regular]:mapping=t
ex-text;!
Missing character: There is no ה (U+05D4) in font [lmroman10-regular]:mapping=t
ex-text;!
Missing character: There is no א (U+05D0) in font [lmroman10-regular]:mapping=t
ex-text;!
Missing character: There is no ן (U+05DF) in font [lmroman10-regular]:mapping=t
ex-text;!
Missing character: There is no ב (U+05D1) in font [lmroman10-regular]:mapping=t
ex-text;!
Missing character: There is no ע (U+05E2) in font [lmroman10-regular]:mapping=t
ex-text;!
Missing character: There is no ב (U+05D1) in font [lmroman10-regular]:mapping=t
ex-text;!
Missing character: There is no ר (U+05E8) in font [lmroman10-regular]:mapping=t
ex-text;!
Missing character: There is no י (U+05D9) in font [lmroman10-regular]:mapping=t
ex-text;!
Missing character: There is no ת (U+05EA) in font [lmroman10-regular]:mapping=t
ex-text;!
Missing character: There is no כ (U+05DB) in font [lmroman10-regular]:mapping=t
ex-text;!
Missing character: There is no ד (U+05D3) in font [lmroman10-regular]:mapping=t
ex-text;!
Missing character: There is no א (U+05D0) in font [lmroman10-regular]:mapping=t
ex-text;!
Missing character: There is no י (U+05D9) in font [lmroman10-regular]:mapping=t
ex-text;!
Missing character: There is no ל (U+05DC) in font [lmroman10-regular]:mapping=t
ex-text;!
Missing character: There is no ה (U+05D4) in font [lmroman10-regular]:mapping=t
ex-text;!
Missing character: There is no כ (U+05DB) in font [lmroman10-regular]:mapping=t
ex-text;!
Missing character: There is no י (U+05D9) in font [lmroman10-regular]:mapping=t
ex-text;!
Missing character: There is no ר (U+05E8) in font [lmroman10-regular]:mapping=t
ex-text;!
Missing character: There is no א (U+05D0) in font [lmroman10-regular]:mapping=t
ex-text;!
Missing character: There is no ו (U+05D5) in font [lmroman10-regular]:mapping=t
ex-text;!
Missing character: There is no ת (U+05EA) in font [lmroman10-regular]:mapping=t
ex-text;!
Missing character: There is no ו (U+05D5) in font [lmroman10-regular]:mapping=t
ex-text;!
[7

]

Package longtable Warning: Column widths have changed
(longtable)                in table 2 on input line 383.

LaTeX Font Info:    Font shape `TU/latinmodern-math.otf(1)/m/n' will be
(Font)              scaled to size 7.665pt on input line 394.
LaTeX Font Info:    Font shape `TU/latinmodern-math.otf(1)/m/n' will be
(Font)              scaled to size 5.475pt on input line 394.
LaTeX Font Info:    Font shape `TU/latinmodern-math.otf(2)/m/n' will be
(Font)              scaled to size 10.95099pt on input line 394.
LaTeX Font Info:    Font shape `TU/latinmodern-math.otf(2)/m/n' will be
(Font)              scaled to size 7.66568pt on input line 394.
LaTeX Font Info:    Font shape `TU/latinmodern-math.otf(2)/m/n' will be
(Font)              scaled to size 5.4755pt on input line 394.
LaTeX Font Info:    Font shape `TU/latinmodern-math.otf(3)/m/n' will be
(Font)              scaled to size 10.94882pt on input line 394.
LaTeX Font Info:    Font shape `TU/latinmodern-math.otf(3)/m/n' will be
(Font)              scaled to size 7.66417pt on input line 394.
LaTeX Font Info:    Font shape `TU/latinmodern-math.otf(3)/m/n' will be
(Font)              scaled to size 5.47441pt on input line 394.

Package longtable Warning: Column widths have changed
(longtable)                in table 3 on input line 401.

File: archive/gifs/exponents.png Graphic file (type bmp)
<archive/gifs/exponents.png>
[8

] [9]
Overfull \vbox (32.48628pt too high) has occurred while \output is active []

[10]
File: archive/gifs/surface_area_to_volume_ratio.png Graphic file (type bmp)
<archive/gifs/surface_area_to_volume_ratio.png>

Overfull \hbox (10.94528pt too wide) in paragraph at lines 415--416
[] 
 []

File: archive/gifs/duck-horse.png Graphic file (type bmp)
<archive/gifs/duck-horse.png>

Overfull \hbox (10.97217pt too wide) in paragraph at lines 424--425
[] 
 []

[11] [12]

Package hyperref Warning: Token not allowed in a PDF string (Unicode):
(hyperref)                removing `math shift' on input line 475.


Package hyperref Warning: Token not allowed in a PDF string (Unicode):
(hyperref)                removing `math shift' on input line 475.


Package hyperref Warning: Token not allowed in a PDF string (Unicode):
(hyperref)                removing `math shift' on input line 475.

File: archive/gifs/3graphs_001_ques.png Graphic file (type bmp)
<archive/gifs/3graphs_001_ques.png>

Overfull \hbox (68.19125pt too wide) in paragraph at lines 482--484
[]\TU/lmr/bx/n/10.95 Exercise 1 [] 
 []

File: archive/gifs/3graphs_002_ques.png Graphic file (type bmp)
<archive/gifs/3graphs_002_ques.png>

Package hyperref Warning: Suppressing empty link on input line 487.


Overfull \hbox (57.23935pt too wide) in paragraph at lines 485--488
[]\TU/lmr/bx/n/10.95 Exercise 2 []
 []


Underfull \hbox (badness 10000) in paragraph at lines 485--488

 []

[13

]
File: archive/gifs/3graphs_003_ques.png Graphic file (type bmp)
<archive/gifs/3graphs_003_ques.png>

Package hyperref Warning: Suppressing empty link on input line 491.


Overfull \hbox (57.24467pt too wide) in paragraph at lines 489--492
[]\TU/lmr/bx/n/10.95 Exercise 3 []
 []


Underfull \hbox (badness 10000) in paragraph at lines 489--492

 []

File: archive/gifs/3graphs_004_ques.png Graphic file (type bmp)
<archive/gifs/3graphs_004_ques.png>

Package hyperref Warning: Suppressing empty link on input line 495.


Overfull \hbox (57.22697pt too wide) in paragraph at lines 493--496
[]\TU/lmr/bx/n/10.95 Exercise 4 []
 []


Underfull \hbox (badness 10000) in paragraph at lines 493--496

 []

[14]
File: archive/gifs/3graphs_005_ques.png Graphic file (type bmp)
<archive/gifs/3graphs_005_ques.png>

Package hyperref Warning: Suppressing empty link on input line 499.


Overfull \hbox (57.24467pt too wide) in paragraph at lines 497--500
[]\TU/lmr/bx/n/10.95 Exercise 5 []
 []


Underfull \hbox (badness 10000) in paragraph at lines 497--500

 []

File: archive/gifs/3graphs_006_ques.png Graphic file (type bmp)
<archive/gifs/3graphs_006_ques.png>

Package hyperref Warning: Suppressing empty link on input line 503.


Overfull \hbox (57.24467pt too wide) in paragraph at lines 501--504
[]\TU/lmr/bx/n/10.95 Exercise 6 []
 []


Underfull \hbox (badness 10000) in paragraph at lines 501--504

 []


Package hyperref Warning: Token not allowed in a PDF string (Unicode):
(hyperref)                removing `math shift' on input line 507.


Package hyperref Warning: Token not allowed in a PDF string (Unicode):
(hyperref)                removing `math shift' on input line 507.

File: archive/gifs/match_x_v_001.png Graphic file (type bmp)
<archive/gifs/match_x_v_001.png>

Overfull \hbox (68.18651pt too wide) in paragraph at lines 513--515
[]\TU/lmr/bx/n/10.95 Exercise 1 [] 
 []

[15]
File: archive/gifs/match_x_v_002.png Graphic file (type bmp)
<archive/gifs/match_x_v_002.png>

Overfull \hbox (68.18651pt too wide) in paragraph at lines 516--518
[]\TU/lmr/bx/n/10.95 Exercise 2 [] 
 []

File: archive/gifs/match_x_v_003.png Graphic file (type bmp)
<archive/gifs/match_x_v_003.png>

Overfull \hbox (68.18651pt too wide) in paragraph at lines 519--521
[]\TU/lmr/bx/n/10.95 Exercise 3 [] 
 []

[16]
File: archive/gifs/match_x_v_004.png Graphic file (type bmp)
<archive/gifs/match_x_v_004.png>

Overfull \hbox (68.18651pt too wide) in paragraph at lines 522--524
[]\TU/lmr/bx/n/10.95 Exercise 4 [] 
 []

File: archive/gifs/match_x_v_005.png Graphic file (type bmp)
<archive/gifs/match_x_v_005.png>

Overfull \hbox (68.18651pt too wide) in paragraph at lines 525--527
[]\TU/lmr/bx/n/10.95 Exercise 5 [] 
 []

[17]
File: archive/gifs/match_x_v_006.png Graphic file (type bmp)
<archive/gifs/match_x_v_006.png>

Overfull \hbox (68.18651pt too wide) in paragraph at lines 528--530
[]\TU/lmr/bx/n/10.95 Exercise 6 [] 
 []

File: archive/gifs/match_x_v_007.png Graphic file (type bmp)
<archive/gifs/match_x_v_007.png>

Overfull \hbox (68.19974pt too wide) in paragraph at lines 531--533
[]\TU/lmr/bx/n/10.95 Exercise 7 [] 
 []

[18]
File: archive/gifs/match_x_v_008.png Graphic file (type bmp)
<archive/gifs/match_x_v_008.png>

Overfull \hbox (68.19974pt too wide) in paragraph at lines 534--536
[]\TU/lmr/bx/n/10.95 Exercise 8 [] 
 []

File: archive/gifs/match_x_v_009.png Graphic file (type bmp)
<archive/gifs/match_x_v_009.png>

Overfull \hbox (68.19974pt too wide) in paragraph at lines 537--539
[]\TU/lmr/bx/n/10.95 Exercise 9 [] 
 []

[19]
File: archive/gifs/match_x_v_010.png Graphic file (type bmp)
<archive/gifs/match_x_v_010.png>

Overfull \hbox (74.49599pt too wide) in paragraph at lines 540--542
[]\TU/lmr/bx/n/10.95 Exercise 10 [] 
 []

File: archive/gifs/match_x_v_011.png Graphic file (type bmp)
<archive/gifs/match_x_v_011.png>

Overfull \hbox (74.49599pt too wide) in paragraph at lines 543--545
[]\TU/lmr/bx/n/10.95 Exercise 11 [] 
 []

[20]
File: archive/gifs/match_x_v_012.png Graphic file (type bmp)
<archive/gifs/match_x_v_012.png>

Overfull \hbox (74.49599pt too wide) in paragraph at lines 546--548
[]\TU/lmr/bx/n/10.95 Exercise 12 [] 
 []

File: archive/gifs/match_drop_001.png Graphic file (type bmp)
<archive/gifs/match_drop_001.png>

Overfull \hbox (68.19058pt too wide) in paragraph at lines 558--560
[]\TU/lmr/bx/n/10.95 Exercise 1 [] 
 []

[21]
File: archive/gifs/match_drop_002.png Graphic file (type bmp)
<archive/gifs/match_drop_002.png>

Overfull \hbox (68.19058pt too wide) in paragraph at lines 561--563
[]\TU/lmr/bx/n/10.95 Exercise 2 [] 
 []

File: archive/gifs/match_drop_003.png Graphic file (type bmp)
<archive/gifs/match_drop_003.png>

Overfull \hbox (68.19058pt too wide) in paragraph at lines 564--566
[]\TU/lmr/bx/n/10.95 Exercise 3 [] 
 []

[22]
File: archive/gifs/match_drop_004.png Graphic file (type bmp)
<archive/gifs/match_drop_004.png>

Overfull \hbox (68.19058pt too wide) in paragraph at lines 567--569
[]\TU/lmr/bx/n/10.95 Exercise 4 [] 
 []

File: archive/gifs/match_drop_005.png Graphic file (type bmp)
<archive/gifs/match_drop_005.png>

Overfull \hbox (68.19058pt too wide) in paragraph at lines 570--572
[]\TU/lmr/bx/n/10.95 Exercise 5 [] 
 []

[23]
File: archive/gifs/match_drop_006.png Graphic file (type bmp)
<archive/gifs/match_drop_006.png>

Overfull \hbox (68.19058pt too wide) in paragraph at lines 573--575
[]\TU/lmr/bx/n/10.95 Exercise 6 [] 
 []

File: archive/gifs/match_drop_007.png Graphic file (type bmp)
<archive/gifs/match_drop_007.png>

Overfull \hbox (68.19058pt too wide) in paragraph at lines 576--578
[]\TU/lmr/bx/n/10.95 Exercise 7 [] 
 []

[24]
File: archive/gifs/match_drop_008.png Graphic file (type bmp)
<archive/gifs/match_drop_008.png>

Overfull \hbox (68.19058pt too wide) in paragraph at lines 579--581
[]\TU/lmr/bx/n/10.95 Exercise 8 [] 
 []

File: archive/gifs/match_drop_009.png Graphic file (type bmp)
<archive/gifs/match_drop_009.png>

Overfull \hbox (68.19058pt too wide) in paragraph at lines 582--584
[]\TU/lmr/bx/n/10.95 Exercise 9 [] 
 []

[25]
File: archive/gifs/match_drop_010.png Graphic file (type bmp)
<archive/gifs/match_drop_010.png>

Overfull \hbox (74.48683pt too wide) in paragraph at lines 585--587
[]\TU/lmr/bx/n/10.95 Exercise 10 [] 
 []

File: archive/gifs/match_drop_011.png Graphic file (type bmp)
<archive/gifs/match_drop_011.png>

Overfull \hbox (74.48683pt too wide) in paragraph at lines 588--590
[]\TU/lmr/bx/n/10.95 Exercise 11 [] 
 []

[26]
File: archive/gifs/match_drop_012.png Graphic file (type bmp)
<archive/gifs/match_drop_012.png>

Overfull \hbox (74.48683pt too wide) in paragraph at lines 591--593
[]\TU/lmr/bx/n/10.95 Exercise 12 [] 
 []

File: archive/gifs/match_drop_013.png Graphic file (type bmp)
<archive/gifs/match_drop_013.png>

Overfull \hbox (74.48683pt too wide) in paragraph at lines 594--596
[]\TU/lmr/bx/n/10.95 Exercise 13 [] 
 []

[27]
File: archive/gifs/match_drop_014.png Graphic file (type bmp)
<archive/gifs/match_drop_014.png>

Overfull \hbox (74.48683pt too wide) in paragraph at lines 597--599
[]\TU/lmr/bx/n/10.95 Exercise 14 [] 
 []

File: archive/gifs/match_drop_015.png Graphic file (type bmp)
<archive/gifs/match_drop_015.png>

Overfull \hbox (74.48683pt too wide) in paragraph at lines 600--602
[]\TU/lmr/bx/n/10.95 Exercise 15 [] 
 []

[28]
File: archive/gifs/match_drop_016.png Graphic file (type bmp)
<archive/gifs/match_drop_016.png>

Overfull \hbox (74.48683pt too wide) in paragraph at lines 603--605
[]\TU/lmr/bx/n/10.95 Exercise 16 [] 
 []

File: archive/gifs/match_drop_017.png Graphic file (type bmp)
<archive/gifs/match_drop_017.png>

Overfull \hbox (74.48683pt too wide) in paragraph at lines 606--608
[]\TU/lmr/bx/n/10.95 Exercise 17 [] 
 []

[29]
File: archive/gifs/match_drop_018.png Graphic file (type bmp)
<archive/gifs/match_drop_018.png>

Overfull \hbox (74.48683pt too wide) in paragraph at lines 609--611
[]\TU/lmr/bx/n/10.95 Exercise 18 [] 
 []

[30] [31

]
part II.
Package scrkbase Info: You've told me to use the font selection of the element
(scrkbase)             `partprefix' that is an alias of element `partnumber'
(scrkbase)              on input line 642.
[32

]
File: index_files/mediabag/me593ygilrh01.jpg Graphic file (type bmp)
<index_files/mediabag/me593ygilrh01.jpg>

Overfull \hbox (288.83995pt too wide) in paragraph at lines 649--651
[][]$[] [] [] [] [] [] [] [] [] [] [] [] [] [] [] [] [] [] [] [] [] [] [] [] []
 [] [] [] [] [] [] [] [] [] [] [] [] [] [] [] [] [] [] [] [] [] [] [] [] [] []$
[][] [] 
 []

File: index_files/mediabag/math_work.png Graphic file (type bmp)
<index_files/mediabag/math_work.png>

Overfull \hbox (130.2534pt too wide) in paragraph at lines 652--654
[][][]$[] [] [] [] [] [] [] [] [] [] [] [] [] [] [] [] [] [] [] [] [][]$[][] []
 
 []

File: index_files/mediabag/20130616.png Graphic file (type bmp)
<index_files/mediabag/20130616.png>
[33

]
File: archive/gifs/Weinersmith-physics-abridged.png Graphic file (type bmp)
<archive/gifs/Weinersmith-physics-abridged.png>

Overfull \hbox (246.60385pt too wide) in paragraph at lines 659--661
[][][]\TU/lmr/m/n/10.95 Science: Abridged Beyond the Point of Usefulness[][] []
 
 []

[34]
File: archive/gifs/physics117_galileo-youll-have-to-simplify.png Graphic file (
type bmp)
<archive/gifs/physics117_galileo-youll-have-to-simplify.png>

Overfull \hbox (212.8198pt too wide) in paragraph at lines 662--664
[][][]$[] [] [][] [] [] [] [] [] [] [] [] [] [] [] [] [] [] [] [] [] [] [] [] [
] [] [] [] [] [] [] [] [] [] [] [] [] [] [] [] [] [] [] [] [] [] [] [] [] [] []
 [] [] [] [] [] [] [] [] [] [] [] [] [][]$[][] [] 
 []

File: index_files/mediabag/aqjZq2M_460s.jpg Graphic file (type bmp)
<index_files/mediabag/aqjZq2M_460s.jpg>
[35]
Overfull \hbox (10.94951pt too wide) in paragraph at lines 665--666
[][] 
 []

[36] [37]
File: index_files/mediabag/1-6NrFpflyvQ3WzklkfB.jpg Graphic file (type bmp)
<index_files/mediabag/1-6NrFpflyvQ3WzklkfB.jpg>

Overfull \hbox (86.35962pt too wide) in paragraph at lines 672--679
\TU/lmr/m/n/10.95 of the universe. [] 
 []

Missing character: There is no 〈 (U+3008) in font [lmroman10-regular]:mapping=t
ex-text;!
Missing character: There is no 〉 (U+3009) in font [lmroman10-regular]:mapping=t
ex-text;!
File: index_files/mediabag/I5C92rHZpx1uyhe2DLxq.jpg Graphic file (type bmp)
<index_files/mediabag/I5C92rHZpx1uyhe2DLxq.jpg>

Underfull \hbox (badness 1953) in paragraph at lines 690--693
[]\TU/lmr/m/n/10.95 How much larger/heavier/longer was the Megalodon compared w
ith a great white?
 []


Overfull \hbox (10.95625pt too wide) in paragraph at lines 690--693
[] 
 []

[38

]
Underfull \hbox (badness 10000) in paragraph at lines 694--699

 []

[39]
File: archive/gifs/energy-orders-of-magnitude.jpg Graphic file (type bmp)
<archive/gifs/energy-orders-of-magnitude.jpg>

Overfull \hbox (10.9602pt too wide) in paragraph at lines 718--719
[][] 
 []

File: archive/gifs/exponents.png Graphic file (type bmp)
<archive/gifs/exponents.png>
[40] [41]
Missing character: There is no 🍺 (U+1F37A) in font [lmroman10-regular]:mapping=
tex-text;!
Missing character: There is no 🥴 (U+1F974) in font [lmroman10-regular]:mapping=
tex-text;!
Missing character: There is no 🍺 (U+1F37A) in font [lmroman10-regular]:mapping=
tex-text;!
Missing character: There is no 🍺 (U+1F37A) in font [lmroman10-regular]:mapping=
tex-text;!
[42

]
File: archive/gifs/centripetal-force.png Graphic file (type bmp)
<archive/gifs/centripetal-force.png>
[43] [44]
File: archive/gifs/inertia.jpg Graphic file (type bmp)
<archive/gifs/inertia.jpg>

Overfull \hbox (10.9724pt too wide) in paragraph at lines 851--852
[] 
 []

[45

]
Overfull \vbox (78.07945pt too high) has occurred while \output is active []

[46]
File: archive/gifs/newton-slaps-car.jpg Graphic file (type bmp)
<archive/gifs/newton-slaps-car.jpg>

Overfull \hbox (10.95624pt too wide) in paragraph at lines 880--881
[] 
 []

[47] [48]
! Unable to load picture or PDF file 'index_files/mediabag/FG5giisXsAI-U6a-form
.pdf'.
<to be read again> 
                   }
l.954 ...files/mediabag/FG5giisXsAI-U6a-form.pdf}}
                                                   
Here is how much of TeX's memory you used:
 24116 strings out of 474773
 472891 string characters out of 5757724
 1930839 words of memory out of 5000000
 45922 multiletter control sequences out of 15000+600000
 564500 words of font info for 86 fonts, out of 8000000 for 9000
 1348 hyphenation exceptions out of 8191
 108i,8n,121p,10900b,419s stack positions out of 10000i,1000n,20000p,200000b,200000s

Output written on index.pdf (48 pages).
